<?xml version="1.0" encoding="UTF-8"?>
<testsuite name="com.regression.testng.tests.LoginSegmentTest" tests="1" skipped="0" failures="0" errors="0" timestamp="2017-10-16T14:33:28" hostname="purushtoman-Lenovo-G50-80" time="6.547">
  <properties/>
  <testcase name="checkUserLoginWithValidCredentials" classname="com.regression.testng.tests.LoginSegmentTest" time="6.547"/>
  <system-out><![CDATA[]]></system-out>
  <system-err><![CDATA[]]></system-err>
</testsuite>
